c:\proj\inclined_well\release\vc140.pdb
c:\proj\inclined_well\release\wellflow.obj
c:\proj\inclined_well\release\perf-utils.obj
c:\proj\inclined_well\release\main.obj
c:\proj\inclined_well\release\inclined_well.exe
c:\proj\inclined_well\release\inclined_well.ipdb
c:\proj\inclined_well\release\inclined_well.iobj
c:\proj\inclined_well\release\inclined_well.pdb
c:\proj\inclined_well\release\basesum.cu.cache
c:\proj\inclined_well\release\inclinedorigsum.cu.cache
c:\proj\inclined_well\release\inclinedsum.cu.cache
c:\proj\inclined_well\release\well.cu.cache
c:\proj\inclined_well\release\basesum.cu.obj
c:\proj\inclined_well\release\inclinedorigsum.cu.obj
c:\proj\inclined_well\release\inclinedsum.cu.obj
c:\proj\inclined_well\release\well.cu.obj
c:\proj\inclined_well\release\inclined_well.tlog\cl.command.1.tlog
c:\proj\inclined_well\release\inclined_well.tlog\cl.read.1.tlog
c:\proj\inclined_well\release\inclined_well.tlog\cl.write.1.tlog
c:\proj\inclined_well\release\inclined_well.tlog\link.command.1.tlog
c:\proj\inclined_well\release\inclined_well.tlog\link.read.1.tlog
c:\proj\inclined_well\release\inclined_well.tlog\link.write.1.tlog
